2017-04-27 13:50:05	WARN	[CONFIG] Ignoring streampath_1=http://107.170.83.205:8000 as this will produce an invalid path.
2017-04-27 13:50:05	WARN	[MAIN] Cannot find `/root/server/cacert.pem'
2017-04-27 13:50:05	WARN	[MAIN] Without `cacert.pem' the DNAS may not be able to contact the Directory
2017-04-27 13:50:05	WARN	[MAIN] The latest can be downloaded from `http://curl.haxx.se/ca/cacert.pem'

2017-04-27 13:50:05	INFO	*********************<<RUNNING_IN__DAEMON_MODE>>*********************
2017-04-27 13:50:05	INFO	**        SHOUTcast Distributed Network Audio Server (DNAS)        **
2017-04-27 13:50:05	INFO	**    Copyright (C) 2014-2017 Radionomy SA, All Rights Reserved    **
2017-04-27 13:50:05	INFO	*********************************************************************
2017-04-27 13:50:05	INFO	[MAIN] SHOUTcast DNAS/posix(linux x64) v2.5.1.724 (Jan 27 2017)
2017-04-27 13:50:05	INFO	[MAIN] PID: 10702
2017-04-27 13:50:05	INFO	[MAIN] Saving log output to `/root/server/logs/sc_serv.log'
2017-04-27 13:50:05	INFO	[MAIN] Automatic log rotation interval: 1 day
2017-04-27 13:50:05	INFO	[MAIN] Loaded config from `/root/server/sc_serv.conf'
2017-04-27 13:50:05	INFO	[MAIN] Calculated CPU count is 1 -> 2 CPUs specified to be used
2017-04-27 13:50:05	INFO	[MAIN] Limited to 1024 file descriptors [relates to ulimit -n]
2017-04-27 13:50:05	INFO	[MAIN] Starting 2 network threads
2017-04-27 13:50:05	INFO	[MICROSERVER] Listening for source and client connections on port 8000
2017-04-27 13:50:05	INFO	[MICROSERVER] Listening for legacy source connections on port 8001
2017-04-27 13:50:05	INFO	[MICROSERVER] Flash policy file server not enabled
2017-04-27 14:26:37	INFO	[CONFIG] Starting stream config reload from `/root/server/sc_serv.conf'
2017-04-27 14:26:37	INFO	[CONFIG] Processing global configuration settings...
2017-04-27 14:26:37	INFO	[CONFIG] Processed global configuration settings.
2017-04-27 14:26:37	INFO	[CONFIG] No updates required for stream config# 1
2017-04-27 14:26:37	INFO	[CONFIG] Completed stream config reload from `/root/server/sc_serv.conf
2017-04-27 14:30:59	INFO	[MAIN] Exiting threads...
2017-04-27 14:30:59	INFO	[BANDWIDTH] Total: 90577, Sent: 90320, Recv: 257
2017-04-27 14:30:59	INFO	[MAIN] Shutdown after 40 minutes 54 seconds running

